app/build/outputs/mapping/release/configuration.txt
# The proguard configuration file for the following section is release\processReleaseResources\aapt_rules.txt
-keep class XiYue.SiyoX.MainActivity { <init>(); }
-keep class XiYue.SiyoX.SiyoXApp { <init>(); }
-keep class androidx.core.app.CoreComponentFactory { <init>(); }
-keep class androidx.profileinstaller.ProfileInstallReceiver { <init>(); }
-keep class androidx.startup.InitializationProvider { <init>(); }
-keep class epic.verify.api.InstallReceiver { <init>(); }
-keep class android.widget.Space { <init>(android.content.Context, android.util.AttributeSet); }

-keep class androidx.appcompat.app.AlertController$RecycleListView { <init>(android.content.Context, android.util.AttributeSet); }

-keep class androidx.appcompat.view.menu.ActionMenuItemView { <init>(android.content.Context, android.util.AttributeSet); }

-keep class androidx.appcompat.view.menu.ExpandedMenuView { <init>(android.content.Context, android.util.AttributeSet); }

-keep class androidx.appcompat.view.menu.ListMenuItemView { <init>(android.content.Context, android.util.AttributeSet); }

-keep class androidx.appcompat.widget.ActionBarContainer { <init>(android.content.Context, android.util.AttributeSet); }

-keep class androidx.appcompat.widget.ActionBarContextView { <init>(android.content.Context, android.util.AttributeSet); }

-keep class androidx.appcompat.widget.ActionBarOverlayLayout { <init>(android.content.Context, android.util.AttributeSet); }

-keep class androidx.appcompat.widget.ActionMenuView { <init>(android.content.Context, android.util.AttributeSet); }

-keep class androidx.appcompat.widget.ActivityChooserView$InnerLayout { <init>(android.content.Context, android.util.AttributeSet); }

-keep class androidx.appcompat.widget.AlertDialogLayout { <init>(android.content.Context, android.util.AttributeSet); }

-keep class androidx.appcompat.widget.ButtonBarLayout { <init>(android.content.Context, android.util.AttributeSet); }

-keep class androidx.appcompat.widget.ContentFrameLayout { <init>(android.content.Context, android.util.AttributeSet); }

-keep class androidx.appcompat.widget.DialogTitle { <init>(android.content.Context, android.util.AttributeSet); }

-keep class androidx.appcompat.widget.FitWindowsFrameLayout { <init>(android.content.Context, android.util.AttributeSet); }

-keep class androidx.appcompat.widget.FitWindowsLinearLayout { <init>(android.content.Context, android.util.AttributeSet); }

-keep class androidx.appcompat.widget.SearchView$SearchAutoComplete { <init>(android.content.Context, android.util.AttributeSet); }

-keep class androidx.appcompat.widget.Toolbar { <init>(android.content.Context, android.util.AttributeSet); }

-keep class androidx.appcompat.widget.ViewStubCompat { <init>(android.content.Context, android.util.AttributeSet); }

-keep class androidx.core.widget.NestedScrollView { <init>(android.content.Context, android.util.AttributeSet); }


# End of content from release\processReleaseResources\aapt_rules.txt
# The proguard configuration file for the following section is Android Gradle plugin 9.2.1 (extracted file: C:\Users\Administrator\Desktop\SiyoX\SiyoX Src\app\build\intermediates\default_proguard_files\global\proguard-android-optimize.txt-9.2.1)
# This is a configuration file for ProGuard.
# http://proguard.sourceforge.net/index.html#manual/usage.html
#
# Starting with version 2.2 of the Android plugin for Gradle, this file is distributed together with
# the plugin and unpacked at build-time. The files in $ANDROID_HOME are no longer maintained and
# will be ignored by new version of the Android plugin for Gradle.

# Optimizations: If you don't want to optimize, use the proguard-android.txt configuration file
# instead of this one, which turns off the optimization flags.
-allowaccessmodification

# Preserve some attributes that may be required for reflection.
-keepattributes AnnotationDefault,
                EnclosingMethod,
                InnerClasses,
                RuntimeVisibleAnnotations,
                RuntimeVisibleParameterAnnotations,
                RuntimeVisibleTypeAnnotations,
                Signature

-keep public class com.google.vending.licensing.ILicensingService
-keep public class com.android.vending.licensing.ILicensingService
-keep public class com.google.android.vending.licensing.ILicensingService
-dontnote com.android.vending.licensing.ILicensingService
-dontnote com.google.vending.licensing.ILicensingService
-dontnote com.google.android.vending.licensing.ILicensingService

# For native methods, see https://www.guardsquare.com/manual/configuration/examples#native
-keepclasseswithmembernames,includedescriptorclasses class * {
    native <methods>;
}

# Keep setters in Views so that animations can still work.
-keepclassmembers public class * extends android.view.View {
    void set*(***);
    *** get*();
}

# We want to keep methods in Activity that could be used in the XML attribute onClick.
-keepclassmembers class * extends android.app.Activity {
    public void *(android.view.View);
}

# For enumeration classes, see https://www.guardsquare.com/manual/configuration/examples#enumerations
-keepclassmembers enum * {
    public static **[] values();
    public static ** valueOf(java.lang.String);
}

-keepclassmembers class * implements android.os.Parcelable {
    public static final ** CREATOR;
}

# Preserve annotated Javascript interface methods.
-keepclassmembers class * {
    @android.webkit.JavascriptInterface <methods>;
}

# The support libraries contains references to newer platform versions.
# Don't warn about those in case this app is linking against an older
# platform version. We know about them, and they are safe.
-dontnote android.support.**
-dontnote androidx.**
-dontwarn android.support.**
-dontwarn androidx.**

# Understand the @Keep support annotation.
-keep class android.support.annotation.Keep

-keep @android.support.annotation.Keep class * {*;}

-keepclasseswithmembers class * {
    @android.support.annotation.Keep <methods>;
}

-keepclasseswithmembers class * {
    @android.support.annotation.Keep <fields>;
}

-keepclasseswithmembers class * {
    @android.support.annotation.Keep <init>(...);
}

# These classes are duplicated between android.jar and org.apache.http.legacy.jar.
-dontnote org.apache.http.**
-dontnote android.net.http.**

# These classes are duplicated between android.jar and core-lambda-stubs.jar.
-dontnote java.lang.invoke.**

# End of content from Android Gradle plugin 9.2.1 (extracted file: C:\Users\Administrator\Desktop\SiyoX\SiyoX Src\app\build\intermediates\default_proguard_files\global\proguard-android-optimize.txt-9.2.1)
# The proguard configuration file for the following section is SiyoX Src\app\proguard-rules.pro
# SiyoX ProGuard Rules
-dontwarn **
-keepattributes *Annotation*,InnerClasses,EnclosingMethod,Signature
-keep class epic.verify.api.** { *; }
-keep class XiYue.SiyoX.** { *; }
-keep class de.robv.android.xposed.** { *; }
-keepclasseswithmembernames class * {
    native <methods>;
}

# End of content from SiyoX Src\app\proguard-rules.pro
# The proguard configuration file for the following section is androidx.appcompat:appcompat:1.7.0 (extracted file: C:\Users\Administrator\.gradle\caches\9.6.1\transforms\9c2a63a845241cf1f7189f7b854c916e\transformed\appcompat-1.7.0\proguard.txt)
# Copyright (C) 2018 The Android Open Source Project
#
# Licensed under the Apache License, Version 2.0 (the "License");
# you may not use this file except in compliance with the License.
# You may obtain a copy of the License at
#
#      http://www.apache.org/licenses/LICENSE-2.0
#
# Unless required by applicable law or agreed to in writing, software
# distributed under the License is distributed on an "AS IS" BASIS,
# WITHOUT WARRANTIES OR CONDITIONS OF ANY KIND, either express or implied.
# See the License for the specific language governing permissions and
# limitations under the License.

# Never inline methods, but allow shrinking and obfuscation.
-keepclassmembernames,allowobfuscation,allowshrinking class androidx.appcompat.widget.AppCompatTextViewAutoSizeHelper$Impl* {
  <methods>;
}

# End of content from androidx.appcompat:appcompat:1.7.0 (extracted file: C:\Users\Administrator\.gradle\caches\9.6.1\transforms\9c2a63a845241cf1f7189f7b854c916e\transformed\appcompat-1.7.0\proguard.txt)
# The proguard configuration file for the following section is androidx.fragment:fragment:1.5.4 (extracted file: C:\Users\Administrator\.gradle\caches\9.6.1\transforms\b0edbb1172495e1d17ce852dda4beb8d\transformed\fragment-1.5.4\proguard.txt)
# Copyright (C) 2020 The Android Open Source Project
#
# Licensed under the Apache License, Version 2.0 (the "License");
# you may not use this file except in compliance with the License.
# You may obtain a copy of the License at
#
#      http://www.apache.org/licenses/LICENSE-2.0
#
# Unless required by applicable law or agreed to in writing, software
# distributed under the License is distributed on an "AS IS" BASIS,
# WITHOUT WARRANTIES OR CONDITIONS OF ANY KIND, either express or implied.
# See the License for the specific language governing permissions and
# limitations under the License.

# The default FragmentFactory creates Fragment instances using reflection
-if public class ** extends androidx.fragment.app.Fragment
-keepclasseswithmembers,allowobfuscation public class <1> {
    public <init>();
}

# End of content from androidx.fragment:fragment:1.5.4 (extracted file: C:\Users\Administrator\.gradle\caches\9.6.1\transforms\b0edbb1172495e1d17ce852dda4beb8d\transformed\fragment-1.5.4\proguard.txt)
# The proguard configuration file for the following section is androidx.savedstate:savedstate:1.2.1 (extracted file: C:\Users\Administrator\.gradle\caches\9.6.1\transforms\3733339f9848280c2db39e39549a3edb\transformed\savedstate-1.2.1\proguard.txt)
# Copyright (C) 2019 The Android Open Source Project
#
# Licensed under the Apache License, Version 2.0 (the "License");
# you may not use this file except in compliance with the License.
# You may obtain a copy of the License at
#
#      http://www.apache.org/licenses/LICENSE-2.0
#
# Unless required by applicable law or agreed to in writing, software
# distributed under the License is distributed on an "AS IS" BASIS,
# WITHOUT WARRANTIES OR CONDITIONS OF ANY KIND, either express or implied.
# See the License for the specific language governing permissions and
# limitations under the License.

-keepclassmembers,allowobfuscation class * implements androidx.savedstate.SavedStateRegistry$AutoRecreated {
    <init>();
}

# End of content from androidx.savedstate:savedstate:1.2.1 (extracted file: C:\Users\Administrator\.gradle\caches\9.6.1\transforms\3733339f9848280c2db39e39549a3edb\transformed\savedstate-1.2.1\proguard.txt)
# The proguard configuration file for the following section is androidx.lifecycle:lifecycle-process:2.6.2 (extracted file: C:\Users\Administrator\.gradle\caches\9.6.1\transforms\1ea5bea4dc053ac608da25091c74c705\transformed\lifecycle-process-2.6.2\proguard.txt)
# this rule is need to work properly when app is compiled with api 28, see b/142778206
-keepclassmembers class * extends androidx.lifecycle.EmptyActivityLifecycleCallbacks { *; }
# End of content from androidx.lifecycle:lifecycle-process:2.6.2 (extracted file: C:\Users\Administrator\.gradle\caches\9.6.1\transforms\1ea5bea4dc053ac608da25091c74c705\transformed\lifecycle-process-2.6.2\proguard.txt)
# The proguard configuration file for the following section is androidx.lifecycle:lifecycle-viewmodel:2.6.2 (extracted file: C:\Users\Administrator\.gradle\caches\9.6.1\transforms\65414e6b4d33bb52dd1524ee335dc52e\transformed\lifecycle-viewmodel-2.6.2\proguard.txt)
-keepclassmembers,allowobfuscation class * extends androidx.lifecycle.ViewModel {
    <init>();
}

-keepclassmembers,allowobfuscation class * extends androidx.lifecycle.AndroidViewModel {
    <init>(android.app.Application);
}

# End of content from androidx.lifecycle:lifecycle-viewmodel:2.6.2 (extracted file: C:\Users\Administrator\.gradle\caches\9.6.1\transforms\65414e6b4d33bb52dd1524ee335dc52e\transformed\lifecycle-viewmodel-2.6.2\proguard.txt)
# The proguard configuration file for the following section is androidx.lifecycle:lifecycle-runtime:2.6.2 (extracted file: C:\Users\Administrator\.gradle\caches\9.6.1\transforms\f668afac0e140c962e0d5b9d1af237cb\transformed\lifecycle-runtime-2.6.2\proguard.txt)
-keepattributes AnnotationDefault,
                RuntimeVisibleAnnotations,
                RuntimeVisibleParameterAnnotations,
                RuntimeVisibleTypeAnnotations

-keepclassmembers enum androidx.lifecycle.Lifecycle$Event {
    <fields>;
}

-keep !interface * implements androidx.lifecycle.LifecycleObserver {
}

-keep class * implements androidx.lifecycle.GeneratedAdapter {
    <init>(...);
}

-keepclassmembers class ** {
    @androidx.lifecycle.OnLifecycleEvent *;
}

# this rule is need to work properly when app is compiled with api 28, see b/142778206
# Also this rule prevents registerIn from being inlined.
-keepclassmembers class androidx.lifecycle.ReportFragment$LifecycleCallbacks { *; }
# End of content from androidx.lifecycle:lifecycle-runtime:2.6.2 (extracted file: C:\Users\Administrator\.gradle\caches\9.6.1\transforms\f668afac0e140c962e0d5b9d1af237cb\transformed\lifecycle-runtime-2.6.2\proguard.txt)
# The proguard configuration file for the following section is androidx.lifecycle:lifecycle-viewmodel-savedstate:2.6.2 (extracted file: C:\Users\Administrator\.gradle\caches\9.6.1\transforms\c80edae98be5b0be123538eeb131583d\transformed\lifecycle-viewmodel-savedstate-2.6.2\proguard.txt)
-keepclassmembers,allowobfuscation class * extends androidx.lifecycle.ViewModel {
    <init>(androidx.lifecycle.SavedStateHandle);
}

-keepclassmembers,allowobfuscation class * extends androidx.lifecycle.AndroidViewModel {
    <init>(android.app.Application,androidx.lifecycle.SavedStateHandle);
}

# End of content from androidx.lifecycle:lifecycle-viewmodel-savedstate:2.6.2 (extracted file: C:\Users\Administrator\.gradle\caches\9.6.1\transforms\c80edae98be5b0be123538eeb131583d\transformed\lifecycle-viewmodel-savedstate-2.6.2\proguard.txt)
# The proguard configuration file for the following section is androidx.vectordrawable:vectordrawable-animated:1.1.0 (extracted file: C:\Users\Administrator\.gradle\caches\9.6.1\transforms\266556f2338f223d1527a7576b8ada65\transformed\vectordrawable-animated-1.1.0\proguard.txt)
# Copyright (C) 2016 The Android Open Source Project
#
# Licensed under the Apache License, Version 2.0 (the "License");
# you may not use this file except in compliance with the License.
# You may obtain a copy of the License at
#
#      http://www.apache.org/licenses/LICENSE-2.0
#
# Unless required by applicable law or agreed to in writing, software
# distributed under the License is distributed on an "AS IS" BASIS,
# WITHOUT WARRANTIES OR CONDITIONS OF ANY KIND, either express or implied.
# See the License for the specific language governing permissions and
# limitations under the License.

# keep setters in VectorDrawables so that animations can still work.
-keepclassmembers class androidx.vectordrawable.graphics.drawable.VectorDrawableCompat$* {
   void set*(***);
   *** get*();
}

# End of content from androidx.vectordrawable:vectordrawable-animated:1.1.0 (extracted file: C:\Users\Administrator\.gradle\caches\9.6.1\transforms\266556f2338f223d1527a7576b8ada65\transformed\vectordrawable-animated-1.1.0\proguard.txt)
# The proguard configuration file for the following section is androidx.core:core:1.15.0 (extracted file: C:\Users\Administrator\.gradle\caches\9.6.1\transforms\03a032d9149fe8d20d56439a90d678ed\transformed\core-1.15.0\proguard.txt)
# Never inline methods, but allow shrinking and obfuscation.
-keepclassmembernames,allowobfuscation,allowshrinking class androidx.core.view.ViewCompat$Api* {
  <methods>;
}
-keepclassmembernames,allowobfuscation,allowshrinking class androidx.core.view.WindowInsetsCompat$*Impl* {
  <methods>;
}
-keepclassmembernames,allowobfuscation,allowshrinking class androidx.core.app.NotificationCompat$*$Api*Impl {
  <methods>;
}
-keepclassmembernames,allowobfuscation,allowshrinking class androidx.core.os.UserHandleCompat$Api*Impl {
  <methods>;
}
-keepclassmembernames,allowobfuscation,allowshrinking class androidx.core.widget.EdgeEffectCompat$Api*Impl {
  <methods>;
}

# End of content from androidx.core:core:1.15.0 (extracted file: C:\Users\Administrator\.gradle\caches\9.6.1\transforms\03a032d9149fe8d20d56439a90d678ed\transformed\core-1.15.0\proguard.txt)
# The proguard configuration file for the following section is androidx.startup:startup-runtime:1.1.1 (extracted file: C:\Users\Administrator\.gradle\caches\9.6.1\transforms\726cdb95605e39f1df245e3f809711fd\transformed\startup-runtime-1.1.1\proguard.txt)
# It's important that we preserve initializer names, given they are used in the AndroidManifest.xml.
-keepnames class * extends androidx.startup.Initializer

# These Proguard rules ensures that ComponentInitializers are are neither shrunk nor obfuscated,
# and are a part of the primary dex file. This is because they are discovered and instantiated
# during application startup.
-keep class * extends androidx.startup.Initializer {
    # Keep the public no-argument constructor while allowing other methods to be optimized.
    <init>();
}

-assumenosideeffects class androidx.startup.StartupLogger { public static <methods>; }

# End of content from androidx.startup:startup-runtime:1.1.1 (extracted file: C:\Users\Administrator\.gradle\caches\9.6.1\transforms\726cdb95605e39f1df245e3f809711fd\transformed\startup-runtime-1.1.1\proguard.txt)
# The proguard configuration file for the following section is androidx.versionedparcelable:versionedparcelable:1.1.1 (extracted file: C:\Users\Administrator\.gradle\caches\9.6.1\transforms\760ddb79e08805933b0ceeb4c377162a\transformed\versionedparcelable-1.1.1\proguard.txt)
-keep class * implements androidx.versionedparcelable.VersionedParcelable
-keep public class android.support.**Parcelizer { *; }
-keep public class androidx.**Parcelizer { *; }
-keep public class androidx.versionedparcelable.ParcelImpl

# End of content from androidx.versionedparcelable:versionedparcelable:1.1.1 (extracted file: C:\Users\Administrator\.gradle\caches\9.6.1\transforms\760ddb79e08805933b0ceeb4c377162a\transformed\versionedparcelable-1.1.1\proguard.txt)
# The proguard configuration file for the following section is androidx.annotation:annotation-jvm:1.8.1 (extracted file: C:\Users\Administrator\.gradle\caches\9.6.1\transforms\9689cb5a7ddde0a198c71e7d1c25922f\transformed\shrink-rules\lib\META-INF\proguard\androidx-annotations.pro)
-keep,allowobfuscation @interface androidx.annotation.Keep
-keep @androidx.annotation.Keep class * {*;}

-keepclasseswithmembers class * {
    @androidx.annotation.Keep <methods>;
}

-keepclasseswithmembers class * {
    @androidx.annotation.Keep <fields>;
}

-keepclasseswithmembers class * {
    @androidx.annotation.Keep <init>(...);
}

-keepclassmembers,allowobfuscation class * {
  @androidx.annotation.DoNotInline <methods>;
}

# End of content from androidx.annotation:annotation-jvm:1.8.1 (extracted file: C:\Users\Administrator\.gradle\caches\9.6.1\transforms\9689cb5a7ddde0a198c71e7d1c25922f\transformed\shrink-rules\lib\META-INF\proguard\androidx-annotations.pro)
# The proguard configuration file for the following section is org.jetbrains.kotlinx:kotlinx-coroutines-core-jvm:1.6.4 (extracted file: C:\Users\Administrator\.gradle\caches\9.6.1\transforms\91d31fce8503d42c5d6c74afa816224f\transformed\shrink-rules\lib\META-INF\com.android.tools\r8\coroutines.pro)
# When editing this file, update the following files as well:
# - META-INF/proguard/coroutines.pro
# - META-INF/com.android.tools/proguard/coroutines.pro

# Most of volatile fields are updated with AFU and should not be mangled
-keepclassmembers class kotlinx.coroutines.** {
    volatile <fields>;
}