app/build/outputs/mapping/release/seeds.txt
XiYue.SiyoX.ui.SiyoXOverlayLayout$9
XiYue.SiyoX.R$string
XiYue.SiyoX.ui.FloatingOverlayManager
XiYue.SiyoX.hook.MainHook$2
XiYue.SiyoX.ui.SiyoXOverlayLayout$1
XiYue.SiyoX.hook.MainHook$1
XiYue.SiyoX.hook.MainHook$4
XiYue.SiyoX.ui.FloatingOverlayManager$2
XiYue.SiyoX.ui.SiyoXOverlayLayout$RippleWaveView$1
XiYue.SiyoX.ui.MiuiXSwitch$OnCheckedChangeListener
XiYue.SiyoX.ui.SiyoXOverlayLayout$16$1
XiYue.SiyoX.ui.MiuiXCheckBox$1
XiYue.SiyoX.data.VerifyManager$1
XiYue.SiyoX.ui.SiyoXOverlayLayout$18
XiYue.SiyoX.R$style
XiYue.SiyoX.ui.SiyoXOverlayLayout$16$1$1
XiYue.SiyoX.R
XiYue.SiyoX.data.AppSettings
XiYue.SiyoX.ui.SiyoXOverlayLayout$13
XiYue.SiyoX.SiyoXConfig$WeiYanConfig
XiYue.SiyoX.SiyoXConfig$VerifyType
XiYue.SiyoX.ui.MiuiXCheckBox$OnCheckedChangeListener
XiYue.SiyoX.data.VerifyManager$3
XiYue.SiyoX.data.VerifyManager$4
XiYue.SiyoX.R$color
XiYue.SiyoX.ui.MiuiXSwitch
XiYue.SiyoX.BuildConfig
XiYue.SiyoX.ui.SiyoXOverlayLayout$12
XiYue.SiyoX.ui.SiyoXOverlayLayout$14
XiYue.SiyoX.ui.SiyoXOverlayLayout$RippleWaveView
XiYue.SiyoX.ui.MiuiXSwitch$1
XiYue.SiyoX.ui.SiyoXOverlayLayout$15
XiYue.SiyoX.ui.FloatingOverlayManager$1
XiYue.SiyoX.SiyoXConfig$EpicConfig
XiYue.SiyoX.ui.SiyoXOverlayLayout$7
XiYue.SiyoX.data.SiyoXDirManager
XiYue.SiyoX.ui.SiyoXOverlayLayout$2
XiYue.SiyoX.data.VerifyManager$VerifyCallback
XiYue.SiyoX.data.VerifyManager$6
XiYue.SiyoX.ui.LogoData
XiYue.SiyoX.R$drawable
XiYue.SiyoX.ui.SiyoXOverlayLayout$17$1
XiYue.SiyoX.ui.SiyoXOverlayLayout$6
XiYue.SiyoX.SiyoXApp
XiYue.SiyoX.data.NativeVerify
XiYue.SiyoX.ui.CopyIconView
XiYue.SiyoX.ui.SiyoXOverlayLayout$4
XiYue.SiyoX.ui.SiyoXOverlayLayout$18$1
XiYue.SiyoX.SiyoXConfig$T3Config
XiYue.SiyoX.ui.SiyoXOverlayLayout$3
XiYue.SiyoX.ui.SiyoXOverlayLayout
XiYue.SiyoX.ui.SiyoXOverlayLayout$11
XiYue.SiyoX.ui.MiuiXSwitch$2
XiYue.SiyoX.hook.MainHook
XiYue.SiyoX.ui.SiyoXOverlayLayout$8
XiYue.SiyoX.hook.MainHook$3
XiYue.SiyoX.ui.SiyoXOverlayLayout$17
XiYue.SiyoX.data.VerifyManager$2
XiYue.SiyoX.ui.SiyoXOverlayLayout$10
XiYue.SiyoX.data.VerifyManager
XiYue.SiyoX.data.VerifyManager$5
XiYue.SiyoX.ui.FloatingOverlayManager$1$1
XiYue.SiyoX.ui.SiyoXOverlayLayout$5
XiYue.SiyoX.ui.SiyoXOverlayLayout$16
XiYue.SiyoX.ui.MiuiXCheckBox
XiYue.SiyoX.ui.SiyoXTheme
XiYue.SiyoX.data.VerifyManager$NoticeCallback
XiYue.SiyoX.MainActivity$1
XiYue.SiyoX.ui.LogoLoader
XiYue.SiyoX.MainActivity
XiYue.SiyoX.SiyoXConfig
XiYue.SiyoX.ui.MiuiXCheckBox$2
XiYue.SiyoX.ui.MiuiXSwitch: android.graphics.Paint thumbPaint
XiYue.SiyoX.SiyoXConfig: java.lang.String CLIENT_AUTHOR
XiYue.SiyoX.data.VerifyManager$4: java.lang.String val$card
XiYue.SiyoX.SiyoXConfig$VerifyType: XiYue.SiyoX.SiyoXConfig$VerifyType EPIC
XiYue.SiyoX.ui.SiyoXOverlayLayout$18: XiYue.SiyoX.ui.SiyoXOverlayLayout this$0
XiYue.SiyoX.SiyoXConfig$VerifyType: XiYue.SiyoX.SiyoXConfig$VerifyType[] $VALUES
XiYue.SiyoX.data.VerifyManager: android.os.Handler mainHandler
XiYue.SiyoX.data.AppSettings: java.lang.String KEY_EXPIRE_TIME
XiYue.SiyoX.ui.MiuiXCheckBox: XiYue.SiyoX.ui.MiuiXCheckBox$OnCheckedChangeListener listener
XiYue.SiyoX.data.VerifyManager: java.lang.String noticeContent
XiYue.SiyoX.ui.FloatingOverlayManager$2: android.app.Activity val$activity
XiYue.SiyoX.SiyoXConfig$EpicConfig: java.lang.String[] HOSTS
XiYue.SiyoX.data.VerifyManager: XiYue.SiyoX.data.VerifyManager instance
XiYue.SiyoX.ui.SiyoXOverlayLayout$16: XiYue.SiyoX.ui.SiyoXOverlayLayout this$0
XiYue.SiyoX.ui.SiyoXOverlayLayout$13: java.lang.String val$path
XiYue.SiyoX.ui.SiyoXOverlayLayout: android.widget.EditText fullCardInput
XiYue.SiyoX.ui.SiyoXOverlayLayout$14: XiYue.SiyoX.ui.SiyoXOverlayLayout this$0
XiYue.SiyoX.R$color: int background_light
XiYue.SiyoX.R$string: int app_name
XiYue.SiyoX.ui.SiyoXOverlayLayout: float dX
XiYue.SiyoX.SiyoXConfig$T3Config: java.lang.String NOTICE_CODE
XiYue.SiyoX.ui.MiuiXSwitch: XiYue.SiyoX.ui.MiuiXSwitch$OnCheckedChangeListener listener
XiYue.SiyoX.ui.CopyIconView: android.graphics.RectF frontRect
XiYue.SiyoX.ui.SiyoXOverlayLayout$16$1$1: boolean val$success
...
epic.verify.api.EpicUpdater$3: boolean val$ok
androidx.appcompat.widget.ActionBarContainer: void setTransitioning(boolean)
androidx.appcompat.widget.Toolbar: int getTitleMarginTop()
androidx.appcompat.widget.Toolbar: int getTitleMarginStart()
androidx.appcompat.widget.Toolbar: java.lang.CharSequence getCollapseContentDescription()
androidx.core.widget.NestedScrollView: float getTopFadingEdgeStrength()
androidx.core.view.WindowInsetsCompat$Impl20: void loadReflectionField()
epic.verify.api.EpicUpdater$3: void run()
android.support.v4.graphics.drawable.IconCompatParcelizer: IconCompatParcelizer()
androidx.appcompat.widget.Toolbar: void setLogo(int)
epic.verify.api.EpicVerifySDK: java.lang.String getLastServer()
androidx.appcompat.widget.Toolbar: void setLogoDescription(int)
epic.verify.api.Proto: void writeInt32Field(int,int)
androidx.appcompat.view.menu.ActionMenuItemView: void setCheckable(boolean)
androidx.core.view.ViewCompat$Api21Impl: androidx.core.view.WindowInsetsCompat computeSystemWindowInsets(android.view.View,androidx.core.view.WindowInsetsCompat,android.graphics.Rect)
androidx.core.view.WindowInsetsCompat$BuilderImpl29: void setMandatorySystemGestureInsets(androidx.core.graphics.Insets)
epic.verify.api.InstallReceiver: InstallReceiver()
androidx.appcompat.widget.AppCompatTextView: void setTextClassifier(android.view.textclassifier.TextClassifier)
androidx.appcompat.widget.Toolbar: android.view.MenuInflater getMenuInflater()
androidx.appcompat.widget.Toolbar: void setLogo(android.graphics.drawable.Drawable)
android.support.v4.app.RemoteActionCompatParcelizer: RemoteActionCompatParcelizer()
androidx.appcompat.widget.AppCompatImageView: void setImageBitmap(android.graphics.Bitmap)
androidx.appcompat.widget.AppCompatTextView: int getAutoSizeTextType()
androidx.appcompat.widget.ActionBarContainer: void setVisibility(int)
androidx.core.view.WindowInsetsCompat$BuilderImpl30: WindowInsetsCompat$BuilderImpl30()
androidx.appcompat.widget.Toolbar$Api33Impl: void tryRegisterOnBackInvokedCallback(java.lang.Object,java.lang.Object)
epic.verify.api.GZip: byte[] uncompress(byte[])
androidx.appcompat.widget.ActionBarOverlayLayout: void setWindowCallback(android.view.Window$Callback)
androidx.appcompat.view.menu.ListMenuItemView: void setIcon(android.graphics.drawable.Drawable)
androidx.profileinstaller.ProfileInstallerInitializer: ProfileInstallerInitializer()
androidx.appcompat.widget.SearchView$SearchAutoComplete: SearchView$SearchAutoComplete(android.content.Context,android.util.AttributeSet)
androidx.core.view.WindowInsetsCompat$Impl20: boolean equals(java.lang.Object)
androidx.lifecycle.ReportFragment$LifecycleCallbacks: void onActivityPreDestroyed(android.app.Activity)
epic.verify.api.Json$Obj: java.lang.String optString(java.lang.String,java.lang.String)
androidx.core.view.ViewCompat$Api20Impl: void requestApplyInsets(android.view.View)
androidx.appcompat.widget.AppCompatTextHelper$Api24Impl: android.os.LocaleList forLanguageTags(java.lang.String)
androidx.appcompat.widget.ActionBarContainer: void setTabContainer(androidx.appcompat.widget.ScrollingTabContainerView)
androidx.appcompat.widget.AppCompatTextView: void setSupportCompoundDrawablesTintMode(android.graphics.PorterDuff$Mode)
androidx.appcompat.widget.AppCompatImageView: void setSupportImageTintMode(android.graphics.PorterDuff$Mode)
androidx.appcompat.app.AlertController$RecycleListView: AlertController$RecycleListView(android.content.Context,android.util.AttributeSet)
androidx.profileinstaller.ProfileInstallReceiver: ProfileInstallReceiver()
androidx.appcompat.widget.ActionBarContainer: android.view.View getTabContainer()
androidx.core.view.WindowInsetsCompat$Impl29: androidx.core.graphics.Insets getSystemGestureInsets()
androidx.appcompat.view.menu.ActionMenuItemView: void setPopupCallback(androidx.appcompat.view.menu.ActionMenuItemView$PopupCallback)
epic.verify.api.EpicVerifySDK: epic.verify.api.Resp cardQuery()