app/build/outputs/mapping/release/mapping.txt
# compiler: R8
# compiler_version: 9.2.14
# min_api: 26
# common_typos_disable
# {"id":"com.android.tools.r8.mapping","version":"2.2"}
# pg_map_id: 22257cd7c7fe37650e2754bdd341c539acc6d21fcc1b71b22fe8ce0b87d5c2a0
# pg_map_hash: SHA-256 22257cd7c7fe37650e2754bdd341c539acc6d21fcc1b71b22fe8ce0b87d5c2a0
XiYue.SiyoX.BuildConfig -> XiYue.SiyoX.BuildConfig:
# {"id":"sourceFile","fileName":"BuildConfig.java"}
    1:4:void <init>():6:6 -> <init>
XiYue.SiyoX.MainActivity -> XiYue.SiyoX.MainActivity:
# {"id":"sourceFile","fileName":"MainActivity.java"}
    1:4:void <init>():37:37 -> <init>
    1:6:android.widget.LinearLayout createCard(boolean):218:218 -> createCard
    7:9:android.widget.LinearLayout createCard(boolean):219:219 -> createCard
    10:18:android.widget.LinearLayout createCard(boolean):220:220 -> createCard
    19:26:android.widget.LinearLayout createCard(boolean):221:221 -> createCard
    27:29:android.widget.LinearLayout createCard(boolean):222:222 -> createCard
    30:47:android.widget.LinearLayout createCard(boolean):223:223 -> createCard
    1:5:android.graphics.drawable.GradientDrawable createCardBg(int,int,int):265:265 -> createCardBg
    6:9:android.graphics.drawable.GradientDrawable createCardBg(int,int,int):266:266 -> createCardBg
    10:15:android.graphics.drawable.GradientDrawable createCardBg(int,int,int):267:267 -> createCardBg
    16:23:android.graphics.drawable.GradientDrawable createCardBg(int,int,int):269:269 -> createCardBg
    1:6:android.view.View createCustomInfoRow(java.lang.String,android.view.View,boolean):237:237 -> createCustomInfoRow
    7:11:android.view.View createCustomInfoRow(java.lang.String,android.view.View,boolean):238:238 -> createCustomInfoRow
    12:14:android.view.View createCustomInfoRow(java.lang.String,android.view.View,boolean):239:239 -> createCustomInfoRow
XiYue.SiyoX.MainActivity$1 -> XiYue.SiyoX.MainActivity$1:
# {"id":"sourceFile","fileName":"MainActivity.java"}
    1:6:void <init>(XiYue.SiyoX.MainActivity):197:197 -> <init>
    1:15:void onClick(android.view.View):201:201 -> onClick
    16:18:void onClick(android.view.View):202:202 -> onClick
    19:25:void onClick(android.view.View):203:203 -> onClick
    26:54:void onClick(android.view.View):205:205 -> onClick
XiYue.SiyoX.R -> XiYue.SiyoX.R:
    1:4:void <init>():0:0 -> <init>
XiYue.SiyoX.R$color -> XiYue.SiyoX.R$color:
    1:4:void <init>():0:0 -> <init>
XiYue.SiyoX.R$drawable -> XiYue.SiyoX.R$drawable:
    1:4:void <init>():0:0 -> <init>
XiYue.SiyoX.R$string -> XiYue.SiyoX.R$string:
    1:4:void <init>():0:0 -> <init>
XiYue.SiyoX.R$style -> XiYue.SiyoX.R$style:
    1:4:void <init>():0:0 -> <init>
XiYue.SiyoX.SiyoXApp -> XiYue.SiyoX.SiyoXApp:
# {"id":"sourceFile","fileName":"SiyoXApp.java"}
    1:4:void <init>():10:10 -> <init>
    1:3:XiYue.SiyoX.SiyoXApp getInstance():23:23 -> getInstance
    1:3:void onCreate():16:16 -> onCreate
    4:5:void onCreate():17:17 -> onCreate
    6:8:void onCreate():18:18 -> onCreate
    9:12:void onCreate():19:19 -> onCreate
XiYue.SiyoX.SiyoXConfig -> XiYue.SiyoX.SiyoXConfig:
# {"id":"sourceFile","fileName":"SiyoXConfig.java"}
    1:5:void <clinit>():40:40 -> <clinit>
    1:4:void <init>():10:10 -> <init>
XiYue.SiyoX.SiyoXConfig$EpicConfig -> XiYue.SiyoX.SiyoXConfig$EpicConfig:
# {"id":"sourceFile","fileName":"SiyoXConfig.java"}
    1:15:void <clinit>():45:45 -> <clinit>
    1:4:void <init>():43:43 -> <init>
XiYue.SiyoX.SiyoXConfig$T3Config -> XiYue.SiyoX.SiyoXConfig$T3Config:
# {"id":"sourceFile","fileName":"SiyoXConfig.java"}
    1:4:void <init>():55:55 -> <init>
XiYue.SiyoX.SiyoXConfig$VerifyType -> XiYue.SiyoX.SiyoXConfig$VerifyType:
# {"id":"sourceFile","fileName":"SiyoXConfig.java"}
    1:11:XiYue.SiyoX.SiyoXConfig$VerifyType[] $values():28:28 -> $values
    1:10:void <clinit>():29:29 -> <clinit>
    11:20:void <clinit>():30:30 -> <clinit>
    21:30:void <clinit>():31:31 -> <clinit>
    31:37:void <clinit>():28:28 -> <clinit>
    1:4:void <init>(java.lang.String,int):28:28 -> <init>
    1:9:XiYue.SiyoX.SiyoXConfig$VerifyType valueOf(java.lang.String):28:28 -> valueOf
    1:9:XiYue.SiyoX.SiyoXConfig$VerifyType[] values():28:28 -> values
...
androidx.appcompat.widget.TintResources -> x9:
# {"id":"sourceFile","fileName":"TintResources.java"}
androidx.appcompat.widget.Toolbar -> androidx.appcompat.widget.Toolbar:
# {"id":"sourceFile","fileName":"Toolbar.java"}
    android.content.res.ColorStateList mSubtitleTextColor -> A
    boolean mEatingTouch -> B
    boolean mEatingHover -> C
    java.util.ArrayList mTempViews -> D
    java.util.ArrayList mHiddenViews -> E
    int[] mTempMargins -> F
    androidx.core.view.MenuHostHelper mMenuHostHelper -> G
      # {"id":"com.android.tools.r8.residualsignature","signature":"Lx;"}
    androidx.appcompat.widget.ActionMenuView$OnMenuItemClickListener mMenuViewItemClickListener -> H
      # {"id":"com.android.tools.r8.residualsignature","signature":"Ly9;"}
    androidx.appcompat.widget.ToolbarWidgetWrapper mWrapper -> I
      # {"id":"com.android.tools.r8.residualsignature","signature":"Lha;"}
    androidx.appcompat.widget.Toolbar$ExpandedActionViewMenuPresenter mExpandedMenuPresenter -> J
      # {"id":"com.android.tools.r8.residualsignature","signature":"Lca;"}
    boolean mCollapsible -> K
    android.window.OnBackInvokedCallback mBackInvokedCallback -> L
    android.window.OnBackInvokedDispatcher mBackInvokedDispatcher -> M
    boolean mBackInvokedCallbackEnabled -> N
    java.lang.Runnable mShowOverflowMenuRunnable -> O
      # {"id":"com.android.tools.r8.residualsignature","signature":"Li2;"}
    androidx.appcompat.widget.ActionMenuView mMenuView -> a
    android.widget.TextView mTitleTextView -> b
      # {"id":"com.android.tools.r8.residualsignature","signature":"Lq1;"}
androidx.appcompat.widget.Toolbar$1 -> y9:
# {"id":"sourceFile","fileName":"Toolbar.java"}
    androidx.appcompat.widget.Toolbar this$0 -> a
    1:6:void Toolbar$1.<init>(androidx.appcompat.widget.Toolbar):0:0 -> <init>
      # {"id":"com.android.tools.r8.synthesized"}
androidx.appcompat.widget.Toolbar$4 -> z9:
# {"id":"sourceFile","fileName":"Toolbar.java"}
    androidx.appcompat.widget.Toolbar this$0 -> a
    1:6:void <init>(androidx.appcompat.widget.Toolbar):1623:1623 -> <init>
    1:2:void onClick(android.view.View):1626:1626 -> onClick
    3:8:void androidx.appcompat.widget.Toolbar.collapseActionView():792:792 -> onClick
    3:8:void onClick(android.view.View):1626 -> onClick
    9:12:void androidx.appcompat.widget.Toolbar.collapseActionView():793:793 -> onClick
    9:12:void onClick(android.view.View):1626 -> onClick
    13:16:void androidx.appcompat.widget.Toolbar.collapseActionView():795:795 -> onClick
    13:16:void onClick(android.view.View):1626 -> onClick
androidx.appcompat.widget.Toolbar$Api33Impl -> ba:
# {"id":"sourceFile","fileName":"Toolbar.java"}
    1:5:android.window.OnBackInvokedDispatcher findOnBackInvokedDispatcher(android.view.View):2819:2819 -> a
    1:9:android.window.OnBackInvokedCallback newOnBackInvokedCallback(java.lang.Runnable):2825:2825 -> b
    1:5:void tryRegisterOnBackInvokedCallback(java.lang.Object,java.lang.Object):2804:2804 -> c
    6:11:void tryRegisterOnBackInvokedCallback(java.lang.Object,java.lang.Object):2805:2805 -> c
    1:2:void tryUnregisterOnBackInvokedCallback(java.lang.Object,java.lang.Object):2812:2812 -> d
    3:8:void tryUnregisterOnBackInvokedCallback(java.lang.Object,java.lang.Object):2813:2813 -> d
androidx.appcompat.widget.Toolbar$Api33Impl$$ExternalSyntheticLambda0 -> aa:
# {"id":"sourceFile","fileName":"R8$$SyntheticClass"}
# {"id":"com.android.tools.r8.synthesized"}
    java.lang.Runnable androidx.appcompat.widget.Toolbar$Api33Impl$$InternalSyntheticLambda$2$35ae004e61bbce28ed0c75369cd5721d7678fce2823324cdf337d192f438ae38$0.f$0 -> a
      # {"id":"com.android.tools.r8.synthesized"}
    1:6:void Toolbar$Api33Impl$$ExternalSyntheticLambda0.<init>(java.lang.Runnable):0:0 -> <init>
      # {"id":"com.android.tools.r8.synthesized"}
    1:6:void Toolbar$Api33Impl$$ExternalSyntheticLambda0.onBackInvoked():0:0 -> onBackInvoked
      # {"id":"com.android.tools.r8.synthesized"}